<?xml version="1.0" encoding="UTF-8"?>
<!-- Generated by org.testng.reporters.JUnitXMLReporter -->
<testsuite ignored="0" hostname="HBPTester" failures="0" tests="4" name="Default test" time="94.425" errors="0" timestamp="2025-01-24T12:15:18 IST">
  <testcase classname="Automation.Testingg.annotationqc" name="login" time="18.815"/>
  <testcase classname="Automation.Testingg.annotationqc" name="table" time="16.791"/>
  <testcase classname="Automation.Testingg.annotationqc" name="directDrawPage" time="14.94"/>
  <testcase classname="Automation.Testingg.annotationqc" name="gapFinding" time="42.679"/>
</testsuite> <!-- Default test -->
